0 info it worked if it ends with ok
1 verbose cli [ '/usr/local/bin/node',
1 verbose cli   '/usr/local/bin/npm',
1 verbose cli   'install',
1 verbose cli   '-g',
1 verbose cli   'webpack',
1 verbose cli   'webpack-dev-server' ]
2 info using npm@2.15.9
3 info using node@v4.5.0
4 verbose install initial load of /usr/local/lib/package.json
5 verbose readDependencies loading dependencies from /usr/local/lib/package.json
6 silly cache add args [ 'webpack', null ]
7 verbose cache add spec webpack
8 silly cache add args [ 'webpack-dev-server', null ]
9 verbose cache add spec webpack-dev-server
10 silly cache add parsed spec Result {
10 silly cache add   raw: 'webpack',
10 silly cache add   scope: null,
10 silly cache add   name: 'webpack',
10 silly cache add   rawSpec: '',
10 silly cache add   spec: 'latest',
10 silly cache add   type: 'tag' }
11 silly addNamed webpack@latest
12 verbose addNamed "latest" is being treated as a dist-tag for webpack
13 info addNameTag [ 'webpack', 'latest' ]
14 silly mapToRegistry name webpack
15 silly mapToRegistry using default registry
16 silly mapToRegistry registry https://registry.npmjs.org/
17 silly mapToRegistry data Result {
17 silly mapToRegistry   raw: 'webpack',
17 silly mapToRegistry   scope: null,
17 silly mapToRegistry   name: 'webpack',
17 silly mapToRegistry   rawSpec: '',
17 silly mapToRegistry   spec: 'latest',
17 silly mapToRegistry   type: 'tag' }
18 silly mapToRegistry uri https://registry.npmjs.org/webpack
19 verbose addNameTag registry:https://registry.npmjs.org/webpack not in flight; fetching
20 silly cache add parsed spec Result {
20 silly cache add   raw: 'webpack-dev-server',
20 silly cache add   scope: null,
20 silly cache add   name: 'webpack-dev-server',
20 silly cache add   rawSpec: '',
20 silly cache add   spec: 'latest',
20 silly cache add   type: 'tag' }
21 silly addNamed webpack-dev-server@latest
22 verbose addNamed "latest" is being treated as a dist-tag for webpack-dev-server
23 info addNameTag [ 'webpack-dev-server', 'latest' ]
24 silly mapToRegistry name webpack-dev-server
25 silly mapToRegistry using default registry
26 silly mapToRegistry registry https://registry.npmjs.org/
27 silly mapToRegistry data Result {
27 silly mapToRegistry   raw: 'webpack-dev-server',
27 silly mapToRegistry   scope: null,
27 silly mapToRegistry   name: 'webpack-dev-server',
27 silly mapToRegistry   rawSpec: '',
27 silly mapToRegistry   spec: 'latest',
27 silly mapToRegistry   type: 'tag' }
28 silly mapToRegistry uri https://registry.npmjs.org/webpack-dev-server
29 verbose addNameTag registry:https://registry.npmjs.org/webpack-dev-server not in flight; fetching
30 verbose request uri https://registry.npmjs.org/webpack-dev-server
31 verbose request no auth needed
32 info attempt registry request try #1 at 8:44:35 PM
33 verbose request id 8b6f416d523c9f6c
34 verbose etag W/"5894b068-28f07"
35 verbose lastModified Fri, 03 Feb 2017 16:31:36 GMT
36 http request GET https://registry.npmjs.org/webpack-dev-server
37 verbose request uri https://registry.npmjs.org/webpack
38 verbose request no auth needed
39 info attempt registry request try #1 at 8:44:35 PM
40 verbose etag W/"589ac8a6-e4a71"
41 verbose lastModified Wed, 08 Feb 2017 07:28:38 GMT
42 http request GET https://registry.npmjs.org/webpack
43 http 304 https://registry.npmjs.org/webpack
44 verbose headers { date: 'Fri, 10 Feb 2017 02:42:29 GMT',
44 verbose headers   via: '1.1 varnish',
44 verbose headers   'cache-control': 'max-age=300',
44 verbose headers   etag: 'W/"589ac8a6-e4a71"',
44 verbose headers   age: '98',
44 verbose headers   connection: 'keep-alive',
44 verbose headers   'x-served-by': 'cache-atl6237-ATL',
44 verbose headers   'x-cache': 'HIT',
44 verbose headers   'x-cache-hits': '1',
44 verbose headers   'x-timer': 'S1486694549.283747,VS0,VE0',
44 verbose headers   vary: 'Accept-Encoding' }
45 silly get cb [ 304,
45 silly get   { date: 'Fri, 10 Feb 2017 02:42:29 GMT',
45 silly get     via: '1.1 varnish',
45 silly get     'cache-control': 'max-age=300',
45 silly get     etag: 'W/"589ac8a6-e4a71"',
45 silly get     age: '98',
45 silly get     connection: 'keep-alive',
45 silly get     'x-served-by': 'cache-atl6237-ATL',
45 silly get     'x-cache': 'HIT',
45 silly get     'x-cache-hits': '1',
45 silly get     'x-timer': 'S1486694549.283747,VS0,VE0',
45 silly get     vary: 'Accept-Encoding' } ]
46 verbose etag https://registry.npmjs.org/webpack from cache
47 verbose get saving webpack to /Users/aaron.moradi/.npm/registry.npmjs.org/webpack/.cache.json
48 verbose correctMkdir /Users/aaron.moradi/.npm correctMkdir not in flight; initializing
49 http 304 https://registry.npmjs.org/webpack-dev-server
50 verbose headers { date: 'Fri, 10 Feb 2017 02:42:29 GMT',
50 verbose headers   via: '1.1 varnish',
50 verbose headers   'cache-control': 'max-age=300',
50 verbose headers   etag: 'W/"5894b068-28f07"',
50 verbose headers   age: '96',
50 verbose headers   connection: 'keep-alive',
50 verbose headers   'x-served-by': 'cache-atl6250-ATL',
50 verbose headers   'x-cache': 'HIT',
50 verbose headers   'x-cache-hits': '1',
50 verbose headers   'x-timer': 'S1486694549.285008,VS0,VE0',
50 verbose headers   vary: 'Accept-Encoding' }
51 silly get cb [ 304,
51 silly get   { date: 'Fri, 10 Feb 2017 02:42:29 GMT',
51 silly get     via: '1.1 varnish',
51 silly get     'cache-control': 'max-age=300',
51 silly get     etag: 'W/"5894b068-28f07"',
51 silly get     age: '96',
51 silly get     connection: 'keep-alive',
51 silly get     'x-served-by': 'cache-atl6250-ATL',
51 silly get     'x-cache': 'HIT',
51 silly get     'x-cache-hits': '1',
51 silly get     'x-timer': 'S1486694549.285008,VS0,VE0',
51 silly get     vary: 'Accept-Encoding' } ]
52 verbose etag https://registry.npmjs.org/webpack-dev-server from cache
53 verbose get saving webpack-dev-server to /Users/aaron.moradi/.npm/registry.npmjs.org/webpack-dev-server/.cache.json
54 verbose correctMkdir /Users/aaron.moradi/.npm correctMkdir already in flight; waiting
55 silly addNameTag next cb for webpack-dev-server with tag latest
56 silly addNamed webpack-dev-server@2.3.0
57 verbose addNamed "2.3.0" is a plain semver version for webpack-dev-server
58 silly addNameTag next cb for webpack with tag latest
59 silly addNamed webpack@2.2.1
60 verbose addNamed "2.2.1" is a plain semver version for webpack
61 silly cache afterAdd webpack@2.2.1
62 verbose afterAdd /Users/aaron.moradi/.npm/webpack/2.2.1/package/package.json not in flight; writing
63 verbose correctMkdir /Users/aaron.moradi/.npm correctMkdir not in flight; initializing
64 silly cache afterAdd webpack-dev-server@2.3.0
65 verbose afterAdd /Users/aaron.moradi/.npm/webpack-dev-server/2.3.0/package/package.json not in flight; writing
66 verbose correctMkdir /Users/aaron.moradi/.npm correctMkdir not in flight; initializing
67 verbose afterAdd /Users/aaron.moradi/.npm/webpack/2.2.1/package/package.json written
68 verbose afterAdd /Users/aaron.moradi/.npm/webpack-dev-server/2.3.0/package/package.json written
69 silly install resolved [ { name: 'webpack',
69 silly install resolved     version: '2.2.1',
69 silly install resolved     author: { name: 'Tobias Koppers @sokra' },
69 silly install resolved     description: 'Packs CommonJs/AMD modules for the browser. Allows to split your codebase into multiple bundles, which can be loaded on demand. Support loaders to preprocess files, i.e. json, jsx, es7, css, less, ... and your custom stuff.',
69 silly install resolved     dependencies:
69 silly install resolved      { acorn: '^4.0.4',
69 silly install resolved        'acorn-dynamic-import': '^2.0.0',
69 silly install resolved        ajv: '^4.7.0',
69 silly install resolved        'ajv-keywords': '^1.1.1',
69 silly install resolved        async: '^2.1.2',
69 silly install resolved        'enhanced-resolve': '^3.0.0',
69 silly install resolved        interpret: '^1.0.0',
69 silly install resolved        'json-loader': '^0.5.4',
69 silly install resolved        'loader-runner': '^2.3.0',
69 silly install resolved        'loader-utils': '^0.2.16',
69 silly install resolved        'memory-fs': '~0.4.1',
69 silly install resolved        mkdirp: '~0.5.0',
69 silly install resolved        'node-libs-browser': '^2.0.0',
69 silly install resolved        'source-map': '^0.5.3',
69 silly install resolved        'supports-color': '^3.1.0',
69 silly install resolved        tapable: '~0.2.5',
69 silly install resolved        'uglify-js': '^2.7.5',
69 silly install resolved        watchpack: '^1.2.0',
69 silly install resolved        'webpack-sources': '^0.1.4',
69 silly install resolved        yargs: '^6.0.0' },
69 silly install resolved     license: 'MIT',
69 silly install resolved     devDependencies:
69 silly install resolved      { 'beautify-lint': '^1.0.3',
69 silly install resolved        benchmark: '^2.1.1',
69 silly install resolved        'bundle-loader': '~0.5.0',
69 silly install resolved        'codecov.io': '^0.1.2',
69 silly install resolved        'coffee-loader': '~0.7.1',
69 silly install resolved        'coffee-script': '^1.10.0',
69 silly install resolved        coveralls: '^2.11.2',
69 silly install resolved        'css-loader': '~0.25.0',
69 silly install resolved        'es6-promise-polyfill': '^1.1.1',
69 silly install resolved        eslint: '3.12.2',
69 silly install resolved        'eslint-plugin-node': '^3.0.5',
69 silly install resolved        express: '~4.13.1',
69 silly install resolved        'extract-text-webpack-plugin': '^2.0.0-beta',
69 silly install resolved        'file-loader': '~0.9.0',
69 silly install resolved        'i18n-webpack-plugin': '^0.3.0',
69 silly install resolved        istanbul: '^0.4.5',
69 silly install resolved        jade: '^1.11.0',
69 silly install resolved        'jade-loader': '~0.8.0',
69 silly install resolved        'js-beautify': '^1.5.10',
69 silly install resolved        less: '^2.5.1',
69 silly install resolved        'less-loader': '^2.0.0',
69 silly install resolved        lodash: '^4.17.4',
69 silly install resolved        mocha: '^3.2.0',
69 silly install resolved        'mocha-lcov-reporter': '^1.0.0',
69 silly install resolved        nsp: '^2.6.1',
69 silly install resolved        'raw-loader': '~0.5.0',
69 silly install resolved        react: '^15.2.1',
69 silly install resolved        'react-dom': '^15.2.1',
69 silly install resolved        'script-loader': '~0.7.0',
69 silly install resolved        should: '^11.1.1',
69 silly install resolved        'simple-git': '^1.65.0',
69 silly install resolved        sinon: '^1.17.7',
69 silly install resolved        'style-loader': '~0.13.0',
69 silly install resolved        'url-loader': '~0.5.0',
69 silly install resolved        'val-loader': '~0.5.0',
69 silly install resolved        'vm-browserify': '~0.0.0',
69 silly install resolved        'webpack-dev-middleware': '^1.9.0',
69 silly install resolved        'worker-loader': '~0.7.0' },
69 silly install resolved     engines: { node: '>=4.3.0 <5.0.0 || >=5.10' },
69 silly install resolved     repository:
69 silly install resolved      { type: 'git',
69 silly install resolved        url: 'git+https://github.com/webpack/webpack.git' },
69 silly install resolved     homepage: 'https://github.com/webpack/webpack',
69 silly install resolved     main: 'lib/webpack.js',
69 silly install resolved     web: 'lib/webpack.web.js',
69 silly install resolved     bin: { webpack: './bin/webpack.js' },
69 silly install resolved     files: [ 'lib/', 'bin/', 'buildin/', 'hot/', 'web_modules/', 'schemas/' ],
69 silly install resolved     scripts:
69 silly install resolved      { test: 'mocha test/*.test.js --harmony --check-leaks',
69 silly install resolved        'travis:test': 'npm run cover:min',
69 silly install resolved        'travis:lint': 'npm run lint-files && npm run nsp',
69 silly install resolved        'travis:benchmark': 'npm run benchmark',
69 silly install resolved        'appveyor:test': 'node --max_old_space_size=4096 node_modules\\mocha\\bin\\mocha --harmony test/*.test.js',
69 silly install resolved        'appveyor:benchmark': 'npm run benchmark',
69 silly install resolved        'build:examples': 'cd examples && node buildAll.js',
69 silly install resolved        pretest: 'npm run lint-files',
69 silly install resolved        'lint-files': 'npm run lint && npm run beautify-lint',
69 silly install resolved        lint: 'eslint lib bin hot buildin test/**/webpack.config.js test/binCases/**/test.js examples/**/webpack.config.js',
69 silly install resolved        'beautify-lint': 'beautify-lint \'lib/**/*.js\' \'hot/**/*.js\' \'bin/**/*.js\' \'benchmark/*.js\' \'test/*.js\'',
69 silly install resolved        nsp: 'nsp check --output summary',
69 silly install resolved        benchmark: 'mocha test/*.benchmark.js --harmony -R spec',
69 silly install resolved        cover: 'node --harmony ./node_modules/istanbul/lib/cli.js cover -x \'**/*.runtime.js\' node_modules/mocha/bin/_mocha -- test/*.test.js',
69 silly install resolved        'cover:min': 'node --harmony ./node_modules/.bin/istanbul cover -x \'**/*.runtime.js\' --report lcovonly node_modules/mocha/bin/_mocha -- test/*.test.js',
69 silly install resolved        'publish-patch': 'npm run lint && npm run beautify-lint && mocha && npm version patch && git push && git push --tags && npm publish' },
69 silly install resolved     gitHead: '0445b156d2c958536b72036e68ca6bde0ad32055',
69 silly install resolved     bugs: { url: 'https://github.com/webpack/webpack/issues' },
69 silly install resolved     _id: 'webpack@2.2.1',
69 silly install resolved     _shasum: '7bb1d72ae2087dd1a4af526afec15eed17dda475',
69 silly install resolved     _from: 'webpack@latest',
69 silly install resolved     _npmVersion: '4.0.5',
69 silly install resolved     _nodeVersion: '7.4.0',
69 silly install resolved     _npmUser: { name: 'sokra', email: 'tobias.koppers@googlemail.com' },
69 silly install resolved     dist:
69 silly install resolved      { shasum: '7bb1d72ae2087dd1a4af526afec15eed17dda475',
69 silly install resolved        tarball: 'https://registry.npmjs.org/webpack/-/webpack-2.2.1.tgz' },
69 silly install resolved     maintainers: [ [Object], [Object], [Object] ],
69 silly install resolved     _npmOperationalInternal:
69 silly install resolved      { host: 'packages-12-west.internal.npmjs.com',
69 silly install resolved        tmp: 'tmp/webpack-2.2.1.tgz_1485810809909_0.843520789872855' },
69 silly install resolved     directories: {},
69 silly install resolved     _resolved: 'https://registry.npmjs.org/webpack/-/webpack-2.2.1.tgz',
69 silly install resolved     readme: 'ERROR: No README data found!' },
69 silly install resolved   { name: 'webpack-dev-server',
69 silly install resolved     version: '2.3.0',
69 silly install resolved     author: { name: 'Tobias Koppers @sokra' },
69 silly install resolved     description: 'Serves a webpack app. Updates the browser on changes.',
69 silly install resolved     peerDependencies: { webpack: '^2.2.0' },
69 silly install resolved     dependencies:
69 silly install resolved      { 'ansi-html': '0.0.7',
69 silly install resolved        chokidar: '^1.6.0',
69 silly install resolved        compression: '^1.5.2',
69 silly install resolved        'connect-history-api-fallback': '^1.3.0',
69 silly install resolved        express: '^4.13.3',
69 silly install resolved        'html-entities': '^1.2.0',
69 silly install resolved        'http-proxy-middleware': '~0.17.1',
69 silly install resolved        opn: '4.0.2',
69 silly install resolved        portfinder: '^1.0.9',
69 silly install resolved        'serve-index': '^1.7.2',
69 silly install resolved        sockjs: '0.3.18',
69 silly install resolved        'sockjs-client': '1.1.1',
69 silly install resolved        spdy: '^3.4.1',
69 silly install resolved        'strip-ansi': '^3.0.0',
69 silly install resolved        'supports-color': '^3.1.1',
69 silly install resolved        'webpack-dev-middleware': '^1.9.0',
69 silly install resolved        yargs: '^6.0.0' },
69 silly install resolved     devDependencies:
69 silly install resolved      { 'css-loader': '~0.25.0',
69 silly install resolved        eslint: '^3.4.0',
69 silly install resolved        'file-loader': '~0.9.0',
69 silly install resolved        istanbul: '^0.4.5',
69 silly install resolved        jquery: '^2.2.0',
69 silly install resolved        less: '^2.5.1',
69 silly install resolved        'less-loader': '~2.2.0',
69 silly install resolved        mocha: '^3.0.2',
69 silly install resolved        'mocha-sinon': '^1.1.6',
69 silly install resolved        pug: '^2.0.0-beta5',
69 silly install resolved        'pug-loader': '^2.3.0',
69 silly install resolved        should: '^11.1.0',
69 silly install resolved        sinon: '^1.17.6',
69 silly install resolved        'style-loader': '~0.13.0',
69 silly install resolved        supertest: '^2.0.0',
69 silly install resolved        'url-loader': '~0.5.6',
69 silly install resolved        webpack: '^2.2.0' },
69 silly install resolved     license: 'MIT',
69 silly install resolved     repository:
69 silly install resolved      { type: 'git',
69 silly install resolved        url: 'git://github.com/webpack/webpack-dev-server.git' },
69 silly install resolved     homepage: 'http://github.com/webpack/webpack-dev-server',
69 silly install resolved     main: 'lib/Server.js',
69 silly install resolved     bin: { 'webpack-dev-server': 'bin/webpack-dev-server.js' },
69 silly install resolved     engines: { node: '>=4.7' },
69 silly install resolved     files: [ 'lib/', 'bin', 'client/', 'ssl/' ],
69 silly install resolved     scripts:
69 silly install resolved      { prepublish: 'npm run -s client-live && npm run -s client-index && npm run -s client-sockjs',
69 silly install resolved        'client-live': 'webpack ./client/live.js client/live.bundle.js --color --config client/webpack.config.js -p',
69 silly install resolved        'client-index': 'webpack ./client/index.js client/index.bundle.js --color --config client/webpack.config.js -p',
69 silly install resolved        'client-sockjs': 'webpack ./client/sockjs.js client/sockjs.bundle.js --color --config client/webpack.sockjs.config.js -p',
69 silly install resolved        lint: 'eslint bin lib test examples client/{index,live,socket,sockjs,overlay,webpack.config}.js',
69 silly install resolved        beautify: 'npm run lint -- --fix',
69 silly install resolved        test: 'mocha --full-trace --check-leaks',
69 silly install resolved        posttest: 'npm run -s lint',
69 silly install resolved        cover: 'istanbul cover node_modules/mocha/bin/_mocha',
69 silly install resolved        travis: 'npm run cover -- --report lcovonly && npm run lint' },
69 silly install resolved     gitHead: '04eafa56244b186ff370ee2a98511993bd4e3b48',
69 silly install resolved     bugs: { url: 'https://github.com/webpack/webpack-dev-server/issues' },
69 silly install resolved     _id: 'webpack-dev-server@2.3.0',
69 silly install resolved     _shasum: '0437704bbd4d941a6e4c061eb3cc232ed7d06101',
69 silly install resolved     _from: 'webpack-dev-server@latest',
69 silly install resolved     _npmVersion: '4.1.2',
69 silly install resolved     _nodeVersion: '7.5.0',
69 silly install resolved     _npmUser: { name: 'spacek33z', email: 'kees@webduck.nl' },
69 silly install resolved     dist:
69 silly install resolved      { shasum: '0437704bbd4d941a6e4c061eb3cc232ed7d06101',
69 silly install resolved        tarball: 'https://registry.npmjs.org/webpack-dev-server/-/webpack-dev-server-2.3.0.tgz' },
69 silly install resolved     maintainers: [ [Object], [Object], [Object] ],
69 silly install resolved     _npmOperationalInternal:
69 silly install resolved      { host: 'packages-18-east.internal.npmjs.com',
69 silly install resolved        tmp: 'tmp/webpack-dev-server-2.3.0.tgz_1486134738236_0.7737399148754776' },
69 silly install resolved     directories: {},
69 silly install resolved     _resolved: 'https://registry.npmjs.org/webpack-dev-server/-/webpack-dev-server-2.3.0.tgz',
69 silly install resolved     readme: 'ERROR: No README data found!' } ]
70 info install webpack@2.2.1 into /usr/local/lib
71 info install webpack-dev-server@2.3.0 into /usr/local/lib
72 info installOne webpack@2.2.1
73 verbose installOne of webpack to /usr/local/lib not in flight; installing
74 verbose correctMkdir /Users/aaron.moradi/.npm/_locks correctMkdir not in flight; initializing
75 info installOne webpack-dev-server@2.3.0
76 verbose installOne of webpack-dev-server to /usr/local/lib not in flight; installing
77 verbose correctMkdir /Users/aaron.moradi/.npm/_locks correctMkdir already in flight; waiting
78 verbose lock using /Users/aaron.moradi/.npm/_locks/webpack-865c90cad072eb35.lock for /usr/local/lib/node_modules/webpack
79 verbose lock using /Users/aaron.moradi/.npm/_locks/webpack-dev-server-7cf3f6a4747c9e16.lock for /usr/local/lib/node_modules/webpack-dev-server
80 warn engine webpack-dev-server@2.3.0: wanted: {"node":">=4.7"} (current: {"node":"4.5.0","npm":"2.15.9"})
81 silly install write writing webpack 2.2.1 to /usr/local/lib/node_modules/webpack
82 silly install write writing webpack-dev-server 2.3.0 to /usr/local/lib/node_modules/webpack-dev-server
83 verbose unbuild lib/node_modules/webpack
84 verbose unbuild lib/node_modules/webpack-dev-server
85 silly gentlyRm /usr/local/lib/node_modules/webpack is being purged from base /usr/local
86 verbose gentlyRm don't care about contents; nuking /usr/local/lib/node_modules/webpack
87 verbose tar unpack /Users/aaron.moradi/.npm/webpack/2.2.1/package.tgz
88 verbose tar unpacking to /usr/local/lib/node_modules/webpack
89 silly gentlyRm /usr/local/lib/node_modules/webpack is being purged
90 verbose gentlyRm don't care about contents; nuking /usr/local/lib/node_modules/webpack
91 silly gentlyRm /usr/local/lib/node_modules/webpack-dev-server is being purged from base /usr/local
92 verbose gentlyRm don't care about contents; nuking /usr/local/lib/node_modules/webpack-dev-server
93 silly gunzTarPerm modes [ '755', '644' ]
94 verbose tar unpack /Users/aaron.moradi/.npm/webpack-dev-server/2.3.0/package.tgz
95 verbose tar unpacking to /usr/local/lib/node_modules/webpack-dev-server
96 silly gentlyRm /usr/local/lib/node_modules/webpack-dev-server is being purged
97 verbose gentlyRm don't care about contents; nuking /usr/local/lib/node_modules/webpack-dev-server
98 silly gunzTarPerm modes [ '755', '644' ]
99 error tar.unpack untar error /Users/aaron.moradi/.npm/webpack/2.2.1/package.tgz
100 error tar.unpack untar error /Users/aaron.moradi/.npm/webpack-dev-server/2.3.0/package.tgz
101 verbose unlock done using /Users/aaron.moradi/.npm/_locks/webpack-865c90cad072eb35.lock for /usr/local/lib/node_modules/webpack
102 verbose unlock done using /Users/aaron.moradi/.npm/_locks/webpack-dev-server-7cf3f6a4747c9e16.lock for /usr/local/lib/node_modules/webpack-dev-server
103 verbose fstream_path /usr/local/lib/node_modules/webpack
104 verbose fstream_type Directory
105 verbose fstream_class DirWriter
106 verbose stack Error: EACCES: permission denied, mkdir '/usr/local/lib/node_modules/webpack'
106 verbose stack     at Error (native)
107 verbose fstream_stack /usr/local/lib/node_modules/npm/node_modules/fstream/lib/dir-writer.js:35:25
107 verbose fstream_stack /usr/local/lib/node_modules/npm/node_modules/mkdirp/index.js:47:53
107 verbose fstream_stack FSReqWrap.oncomplete (fs.js:82:15)
108 verbose cwd /Users/aaron.moradi/Desktop/web_projects/react-reading-time
109 error Darwin 15.6.0
110 error argv "/usr/local/bin/node" "/usr/local/bin/npm" "install" "-g" "webpack" "webpack-dev-server"
111 error node v4.5.0
112 error npm  v2.15.9
113 error path /usr/local/lib/node_modules/webpack
114 error code EACCES
115 error errno -13
116 error syscall mkdir
117 error Error: EACCES: permission denied, mkdir '/usr/local/lib/node_modules/webpack'
117 error     at Error (native)
117 error  { [Error: EACCES: permission denied, mkdir '/usr/local/lib/node_modules/webpack']
117 error   errno: -13,
117 error   code: 'EACCES',
117 error   syscall: 'mkdir',
117 error   path: '/usr/local/lib/node_modules/webpack',
117 error   fstream_type: 'Directory',
117 error   fstream_path: '/usr/local/lib/node_modules/webpack',
117 error   fstream_class: 'DirWriter',
117 error   fstream_stack:
117 error    [ '/usr/local/lib/node_modules/npm/node_modules/fstream/lib/dir-writer.js:35:25',
117 error      '/usr/local/lib/node_modules/npm/node_modules/mkdirp/index.js:47:53',
117 error      'FSReqWrap.oncomplete (fs.js:82:15)' ] }
118 error Please try running this command again as root/Administrator.
119 verbose exit [ -13, true ]
120 verbose unbuild lib/node_modules/webpack
121 silly gentlyRm /usr/local/lib/node_modules/webpack is being purged from base /usr/local
122 verbose gentlyRm don't care about contents; nuking /usr/local/lib/node_modules/webpack
123 verbose unbuild lib/node_modules/webpack-dev-server
124 silly gentlyRm /usr/local/lib/node_modules/webpack-dev-server is being purged from base /usr/local
125 verbose gentlyRm don't care about contents; nuking /usr/local/lib/node_modules/webpack-dev-server
